<?xml version="1.0" encoding="UTF-8"?>
<testsuite name="View the timetables" tests="1" skipped="0" failures="0" errors="0" timestamp="2018-10-16T21:19:23" hostname="will-laptop" time="0.013">
  <properties/>
  <testcase name="View the timetable between two stations" classname="View the timetables" time="0.013"/>
  <system-out><![CDATA[]]></system-out>
  <system-err><![CDATA[[Test worker] INFO net.thucydides.core.steps.ConsoleLoggingListener - 
          __  _____ _____ ____ _____   ____  _____ _   _ ____ ___ _   _  ____ 
 _       / / |_   _| ____/ ___|_   _| |  _ \| ____| \ | |  _ \_ _| \ | |/ ___|
(_)____ / /    | | |  _| \___ \ | |   | |_) |  _| |  \| | | | | ||  \| | |  _ 
 |_____/ /     | | | |___ ___) || |   |  __/| |___| |\  | |_| | || |\  | |_| |
(_)   /_/      |_| |_____|____/ |_|   |_|   |_____|_| \_|____/___|_| \_|\____|
                                                                                

TEST PENDING: View the timetable between two stations
---------------------------------------------------------------------------------
]]></system-err>
</testsuite>
