<?xml version="1.0" encoding="UTF-8"?>
<testsuite name="Offline timetables" tests="2" skipped="0" failures="0" errors="0" timestamp="2018-10-16T21:19:29" hostname="will-laptop" time="0.009">
  <properties/>
  <testcase name="Download the timetable between two stations to print it later" classname="Offline timetables" time="0.001"/>
  <testcase name="View the timetable between two stations when offline" classname="Offline timetables" time="0.003"/>
  <system-out><![CDATA[]]></system-out>
  <system-err><![CDATA[[Test worker] INFO net.thucydides.core.steps.ConsoleLoggingListener - 
          __  _____ _____ ____ _____   ____  _____ _   _ ____ ___ _   _  ____ 
 _       / / |_   _| ____/ ___|_   _| |  _ \| ____| \ | |  _ \_ _| \ | |/ ___|
(_)____ / /    | | |  _| \___ \ | |   | |_) |  _| |  \| | | | | ||  \| | |  _ 
 |_____/ /     | | | |___ ___) || |   |  __/| |___| |\  | |_| | || |\  | |_| |
(_)   /_/      |_| |_____|____/ |_|   |_|   |_____|_| \_|____/___|_| \_|\____|
                                                                                

TEST PENDING: Download the timetable between two stations to print it later
---------------------------------------------------------------------------------
[Test worker] INFO net.thucydides.core.steps.ConsoleLoggingListener - 
          __  _____ _____ ____ _____   ____  _____ _   _ ____ ___ _   _  ____ 
 _       / / |_   _| ____/ ___|_   _| |  _ \| ____| \ | |  _ \_ _| \ | |/ ___|
(_)____ / /    | | |  _| \___ \ | |   | |_) |  _| |  \| | | | | ||  \| | |  _ 
 |_____/ /     | | | |___ ___) || |   |  __/| |___| |\  | |_| | || |\  | |_| |
(_)   /_/      |_| |_____|____/ |_|   |_|   |_____|_| \_|____/___|_| \_|\____|
                                                                                

TEST PENDING: View the timetable between two stations when offline
---------------------------------------------------------------------------------
]]></system-err>
</testsuite>
