<?xml version="1.0" encoding="UTF-8"?>
<testsuite name="am.willi.bdd.serenity.features.DownloadTheTimetables" tests="0" skipped="0" failures="0" errors="0" timestamp="1970-01-01T00:00:00" hostname="will-laptop" time="0.0">
  <properties/>
  <system-out><![CDATA[
0 Scenarios
0 Steps
0m0.025s

]]></system-out>
  <system-err><![CDATA[[Test worker] INFO net.thucydides.core.steps.ConsoleLoggingListener - Test Suite Started: Offline timetables
[Test worker] INFO net.thucydides.core.steps.ConsoleLoggingListener - 
 _____ _____ ____ _____   ____ _____  _    ____ _____ _____ ____  
|_   _| ____/ ___|_   _| / ___|_   _|/ \  |  _ \_   _| ____|  _ \ 
  | | |  _| \___ \ | |   \___ \ | | / _ \ | |_) || | |  _| | | | |
  | | | |___ ___) || |    ___) || |/ ___ \|  _ < | | | |___| |_| |
  |_| |_____|____/ |_|   |____/ |_/_/   \_\_| \_\|_| |_____|____/ 
                                                                  

TEST STARTED: Download the timetable between two stations to print it later
-------------------------------------------------------------------(offline-timetables;download-the-timetable-between-two-stations-to-print-it-later)
[Test worker] INFO net.thucydides.core.steps.ConsoleLoggingListener - TEST PENDING
[Test worker] INFO net.thucydides.core.steps.ConsoleLoggingListener - 
 _____ _____ ____ _____   ____ _____  _    ____ _____ _____ ____  
|_   _| ____/ ___|_   _| / ___|_   _|/ \  |  _ \_   _| ____|  _ \ 
  | | |  _| \___ \ | |   \___ \ | | / _ \ | |_) || | |  _| | | | |
  | | | |___ ___) || |    ___) || |/ ___ \|  _ < | | | |___| |_| |
  |_| |_____|____/ |_|   |____/ |_/_/   \_\_| \_\|_| |_____|____/ 
                                                                  

TEST STARTED: View the timetable between two stations when offline
-------------------------------------------------------------------(offline-timetables;view-the-timetable-between-two-stations-when-offline)
[Test worker] INFO net.thucydides.core.steps.ConsoleLoggingListener - TEST PENDING
]]></system-err>
</testsuite>
