<?xml version="1.0" encoding="UTF-8"?>
<testsuite name="am.willi.common.file.FileUtilsTest" tests="1" skipped="0" failures="0" errors="0" timestamp="2018-10-14T14:02:43" hostname="will-laptop" time="0.052">
  <properties/>
  <testcase name="iterateDirectoryAndLogFilePaths" classname="am.willi.common.file.FileUtilsTest" time="0.052"/>
  <system-out><![CDATA[]]></system-out>
  <system-err><![CDATA[Oct 14, 2018 3:02:43 PM am.willi.common.file.FileUtilsTest lambda$iterateDirectoryAndLogFilePaths$0
INFO: /home/will/Desktop/June_Timesheet.pdf
Oct 14, 2018 3:02:43 PM am.willi.common.file.FileUtilsTest lambda$iterateDirectoryAndLogFilePaths$0
INFO: /home/will/Desktop/sept-timesheet.jpg
Oct 14, 2018 3:02:43 PM am.willi.common.file.FileUtilsTest lambda$iterateDirectoryAndLogFilePaths$0
INFO: /home/will/Desktop/aug-timesheet.jpg
Oct 14, 2018 3:02:43 PM am.willi.common.file.FileUtilsTest lambda$iterateDirectoryAndLogFilePaths$0
INFO: /home/will/Desktop/file.pdf
Oct 14, 2018 3:02:43 PM am.willi.common.file.FileUtilsTest lambda$iterateDirectoryAndLogFilePaths$0
INFO: /home/will/Desktop/ws16-weddingdance-opaque.jpg
Oct 14, 2018 3:02:43 PM am.willi.common.file.FileUtilsTest lambda$iterateDirectoryAndLogFilePaths$0
INFO: /home/will/Desktop/merry-super-mario-printable-coloring-pages-stunning-for-boys-with.jpg
Oct 14, 2018 3:02:43 PM am.willi.common.file.FileUtilsTest lambda$iterateDirectoryAndLogFilePaths$0
INFO: /home/will/Desktop/.gitignore
Oct 14, 2018 3:02:43 PM am.willi.common.file.FileUtilsTest lambda$iterateDirectoryAndLogFilePaths$0
INFO: /home/will/Desktop/sept-timesheet.pdf
Oct 14, 2018 3:02:43 PM am.willi.common.file.FileUtilsTest lambda$iterateDirectoryAndLogFilePaths$0
INFO: /home/will/Desktop/c375d3f62c210fb9f7f6d4ae697c34bb--zombie-birthday-zombie-party.jpg
Oct 14, 2018 3:02:43 PM am.willi.common.file.FileUtilsTest lambda$iterateDirectoryAndLogFilePaths$0
INFO: /home/will/Desktop/Project Highrise.desktop
Oct 14, 2018 3:02:43 PM am.willi.common.file.FileUtilsTest lambda$iterateDirectoryAndLogFilePaths$0
INFO: /home/will/Desktop/blah.pdf
Oct 14, 2018 3:02:43 PM am.willi.common.file.FileUtilsTest lambda$iterateDirectoryAndLogFilePaths$0
INFO: /home/will/Desktop/tumblr_nvcq79c6CR1r8tkaro1_1280.png
Oct 14, 2018 3:02:43 PM am.willi.common.file.FileUtilsTest lambda$iterateDirectoryAndLogFilePaths$0
INFO: /home/will/Desktop/1463500885starwars-bb8.jpg
Oct 14, 2018 3:02:43 PM am.willi.common.file.FileUtilsTest lambda$iterateDirectoryAndLogFilePaths$0
INFO: /home/will/Desktop/june-timesheet.jpg
Oct 14, 2018 3:02:43 PM am.willi.common.file.FileUtilsTest lambda$iterateDirectoryAndLogFilePaths$0
INFO: /home/will/Desktop/june-timesheet.pdf
Oct 14, 2018 3:02:43 PM am.willi.common.file.FileUtilsTest lambda$iterateDirectoryAndLogFilePaths$0
INFO: /home/will/Desktop/july-timesheet.jpg
Oct 14, 2018 3:02:43 PM am.willi.common.file.FileUtilsTest lambda$iterateDirectoryAndLogFilePaths$0
INFO: /home/will/Desktop/corporation-tax-1.jpg
Oct 14, 2018 3:02:43 PM am.willi.common.file.FileUtilsTest lambda$iterateDirectoryAndLogFilePaths$0
INFO: /home/will/Desktop/August_Timesheet.pdf
Oct 14, 2018 3:02:43 PM am.willi.common.file.FileUtilsTest lambda$iterateDirectoryAndLogFilePaths$0
INFO: /home/will/Desktop/Sept_Timesheet.pdf
Oct 14, 2018 3:02:43 PM am.willi.common.file.FileUtilsTest lambda$iterateDirectoryAndLogFilePaths$0
INFO: /home/will/Desktop/july-timesheet.pdf
Oct 14, 2018 3:02:43 PM am.willi.common.file.FileUtilsTest lambda$iterateDirectoryAndLogFilePaths$0
INFO: /home/will/Desktop/aug-timesheet.pdf
Oct 14, 2018 3:02:43 PM am.willi.common.file.FileUtilsTest lambda$iterateDirectoryAndLogFilePaths$0
INFO: /home/will/Desktop/IMG_1914.JPG
Oct 14, 2018 3:02:43 PM am.willi.common.file.FileUtilsTest lambda$iterateDirectoryAndLogFilePaths$0
INFO: /home/will/Desktop/cp30-head-black-white-clipart-43.jpg
Oct 14, 2018 3:02:43 PM am.willi.common.file.FileUtilsTest lambda$iterateDirectoryAndLogFilePaths$0
INFO: /home/will/Desktop/ws16-weddingdance.jpg
Oct 14, 2018 3:02:43 PM am.willi.common.file.FileUtilsTest lambda$iterateDirectoryAndLogFilePaths$0
INFO: /home/will/Desktop/starwars-featured.png
Oct 14, 2018 3:02:43 PM am.willi.common.file.FileUtilsTest lambda$iterateDirectoryAndLogFilePaths$0
INFO: /home/will/Desktop/22b6d431919493.5666d738c09df.xcf
Oct 14, 2018 3:02:43 PM am.willi.common.file.FileUtilsTest lambda$iterateDirectoryAndLogFilePaths$0
INFO: /home/will/Desktop/22b6d431919493.5666d738c09df.jpg
Oct 14, 2018 3:02:43 PM am.willi.common.file.FileUtilsTest lambda$iterateDirectoryAndLogFilePaths$0
INFO: /home/will/Desktop/super-mario-coloring-pages-for-kids (20).gif
Oct 14, 2018 3:02:43 PM am.willi.common.file.FileUtilsTest lambda$iterateDirectoryAndLogFilePaths$0
INFO: /home/will/Desktop/c375d3f62c210fb9f7f6d4ae697c34bb--zombie-birthday-zombie-party (1).jpg
Oct 14, 2018 3:02:43 PM am.willi.common.file.FileUtilsTest lambda$iterateDirectoryAndLogFilePaths$0
INFO: /home/will/Desktop/Mario-and-Luigi-Fly-with-Little-Dragon-in-Mario-Brothers-Coloring-Page.jpg
Oct 14, 2018 3:02:43 PM am.willi.common.file.FileUtilsTest lambda$iterateDirectoryAndLogFilePaths$0
INFO: /home/will/Desktop/desk-down.jpg
Oct 14, 2018 3:02:43 PM am.willi.common.file.FileUtilsTest lambda$iterateDirectoryAndLogFilePaths$0
INFO: /home/will/Desktop/japan-sun-illustration.jpg
Oct 14, 2018 3:02:43 PM am.willi.common.file.FileUtilsTest lambda$iterateDirectoryAndLogFilePaths$0
INFO: /home/will/Desktop/Prison Architect.desktop
Oct 14, 2018 3:02:43 PM am.willi.common.file.FileUtilsTest lambda$iterateDirectoryAndLogFilePaths$0
INFO: /home/will/Desktop/william-brown-may-timesheet.jpeg
Oct 14, 2018 3:02:43 PM am.willi.common.file.FileUtilsTest lambda$iterateDirectoryAndLogFilePaths$0
INFO: /home/will/Desktop/corporation-tax-back.jpg
Oct 14, 2018 3:02:43 PM am.willi.common.file.FileUtilsTest lambda$iterateDirectoryAndLogFilePaths$0
INFO: /home/will/Desktop/httpie-cli-get.jpg
Oct 14, 2018 3:02:43 PM am.willi.common.file.FileUtilsTest lambda$iterateDirectoryAndLogFilePaths$0
INFO: /home/will/Desktop/MTLGeoEGc.gif
Oct 14, 2018 3:02:43 PM am.willi.common.file.FileUtilsTest lambda$iterateDirectoryAndLogFilePaths$0
INFO: /home/will/Desktop/william-brown-timesheet.pdf
Oct 14, 2018 3:02:43 PM am.willi.common.file.FileUtilsTest lambda$iterateDirectoryAndLogFilePaths$0
INFO: /home/will/Desktop/maxresdefault.jpg
]]></system-err>
</testsuite>
